<?xml version="1.0" encoding="UTF-8"?>
<!-- Generated by org.testng.reporters.JUnitReportReporter -->
<testsuite skipped="0" hostname="QQSPLOXLTP0081" name="beTheHeroAPItesting.BetheHero" tests="8" failures="0" timestamp="2022-08-24T14:10:09 IST" time="3.670" errors="0">
  <testcase name="RegisterRequest" time="1.377" classname="beTheHeroAPItesting.BetheHero"/>
  <system-out/>
  <testcase name="ApplicationDetails" time="0.492" classname="beTheHeroAPItesting.BetheHero"/>
  <system-out/>
  <testcase name="updateDetails" time="0.313" classname="beTheHeroAPItesting.BetheHero"/>
  <system-out/>
  <testcase name="registerNewRequest1" time="0.299" classname="beTheHeroAPItesting.BetheHero"/>
  <system-out/>
  <testcase name="registerNewRequest2" time="0.331" classname="beTheHeroAPItesting.BetheHero"/>
  <system-out/>
  <testcase name="profileDetails" time="0.272" classname="beTheHeroAPItesting.BetheHero"/>
  <system-out/>
  <testcase name="deleteUseCase" time="0.255" classname="beTheHeroAPItesting.BetheHero"/>
  <system-out/>
  <testcase name="updatedProfileDetails" time="0.331" classname="beTheHeroAPItesting.BetheHero"/>
  <system-out/>
</testsuite> <!-- beTheHeroAPItesting.BetheHero -->
