<?xml version="1.0" encoding="UTF-8"?>
<!-- Generated by org.testng.reporters.JUnitReportReporter -->
<testsuite skipped="0" hostname="QQSPLOXLTP0081" name="beTheHeroAPItesting.JDBCConnection" tests="1" failures="0" timestamp="2022-08-21T17:27:11 IST" time="1.264" errors="0">
  <testcase name="JDBCgetvalue" time="1.264" classname="beTheHeroAPItesting.JDBCConnection"/>
  <system-out/>
</testsuite> <!-- beTheHeroAPItesting.JDBCConnection -->
