<?xml version="1.0" encoding="UTF-8"?>
<!-- Generated by org.testng.reporters.JUnitReportReporter -->
<testsuite skipped="1" hostname="QQSPLOXLTP0081" name="beTheHeroAPItesting.BetheHero" tests="1" failures="0" timestamp="16 Aug 2022 06:27:39 GMT" time="0.000" errors="0">
  <testcase name="RegisterRequest" time="0.000" classname="beTheHeroAPItesting.BetheHero">
    <skipped/>
  </testcase> <!-- RegisterRequest -->
</testsuite> <!-- beTheHeroAPItesting.BetheHero -->
