<?xml version="1.0" encoding="UTF-8"?>
<!-- Generated by org.testng.reporters.JUnitReportReporter -->
<testsuite hostname="qapiapi04" failures="0" tests="5" name="userController.UserControllerGetRequest" time="11.541" errors="0" timestamp="2022-08-06T18:05:06 IST" skipped="0">
  <testcase classname="userController.UserControllerGetRequest" name="getAllUsers" time="7.701"/>
  <system-out/>
  <testcase classname="userController.UserControllerGetRequest" name="postNewUser" time="3.568"/>
  <system-out/>
  <testcase classname="userController.UserControllerGetRequest" name="updateNewUser" time="0.134"/>
  <system-out/>
  <testcase classname="userController.UserControllerGetRequest" name="getUpdatedNewUser" time="0.069"/>
  <system-out/>
  <testcase classname="userController.UserControllerGetRequest" name="deleteUpdatedNewUser" time="0.069"/>
  <system-out/>
</testsuite> <!-- userController.UserControllerGetRequest -->
